<?xml version="1.0" encoding="UTF-8"?>
<testsuite name="com.musala.drone.DroneApplicationTests" tests="1" skipped="0" failures="0" errors="0" timestamp="2022-11-30T08:30:26" hostname="tarbabyelvis" time="0.141">
  <properties/>
  <testcase name="contextLoads()" classname="com.musala.drone.DroneApplicationTests" time="0.141"/>
  <system-out><![CDATA[10:30:25.093 [Test worker] DEBUG org.springframework.boot.test.context.SpringBootTestContextBootstrapper - Neither @ContextConfiguration nor @ContextHierarchy found for test class [DroneApplicationTests]: using SpringBootContextLoader
10:30:25.097 [Test worker] DEBUG org.springframework.test.context.support.AbstractContextLoader - Could not detect default resource locations for test class [com.musala.drone.DroneApplicationTests]: no resource found for suffixes {-context.xml, Context.groovy}.
10:30:25.097 [Test worker] INFO org.springframework.test.context.support.AnnotationConfigContextLoaderUtils - Could not detect default configuration classes for test class [com.musala.drone.DroneApplicationTests]: DroneApplicationTests does not declare any static, non-private, non-final, nested classes annotated with @Configuration.
10:30:25.109 [Test worker] DEBUG org.springframework.boot.test.context.SpringBootTestContextBootstrapper - Using ContextCustomizers for test class [DroneApplicationTests]: [DisableObservabilityContextCustomizer, PropertyMappingContextCustomizer, Customizer, ExcludeFilterContextCustomizer, DuplicateJsonObjectContextCustomizer, MockitoContextCustomizer, TestRestTemplateContextCustomizer]
10:30:25.143 [Test worker] DEBUG org.springframework.context.annotation.ClassPathScanningCandidateComponentProvider - Identified candidate component class: file [/home/tarbabyelvis/T2w0EnginesProjects/drone/build/classes/java/main/com/musala/drone/DroneApplication.class]
10:30:25.144 [Test worker] INFO org.springframework.boot.test.context.SpringBootTestContextBootstrapper - Found @SpringBootConfiguration com.musala.drone.DroneApplication for test class com.musala.drone.DroneApplicationTests
10:30:25.188 [Test worker] DEBUG org.springframework.boot.test.context.SpringBootTestContextBootstrapper - Using TestExecutionListeners for test class [DroneApplicationTests]: [ServletTestExecutionListener, DirtiesContextBeforeModesTestExecutionListener, ApplicationEventsTestExecutionListener, MockitoTestExecutionListener, DependencyInjectionTestExecutionListener, DirtiesContextTestExecutionListener, TransactionalTestExecutionListener, SqlScriptsTestExecutionListener, EventPublishingTestExecutionListener, RestDocsTestExecutionListener, MockRestServiceServerResetTestExecutionListener, MockMvcPrintOnlyOnFailureTestExecutionListener, WebDriverTestExecutionListener, MockWebServiceServerTestExecutionListener, ResetMocksTestExecutionListener]
10:30:25.188 [Test worker] DEBUG org.springframework.test.context.support.AbstractDirtiesContextTestExecutionListener - Before test class: class [DroneApplicationTests], class annotated with @DirtiesContext [false] with mode [null]

  .   ____          _            __ _ _
 /\\ / ___'_ __ _ _(_)_ __  __ _ \ \ \ \
( ( )\___ | '_ | '_| | '_ \/ _` | \ \ \ \
 \\/  ___)| |_)| | | | | || (_| |  ) ) ) )
  '  |____| .__|_| |_|_| |_\__, | / / / /
 =========|_|==============|___/=/_/_/_/
 :: Spring Boot ::                (v3.0.0)

2022-11-30T10:30:25.316+02:00  INFO 17836 --- [    Test worker] com.musala.drone.DroneApplicationTests   : Starting DroneApplicationTests using Java 17.0.5 with PID 17836 (started by tarbabyelvis in /home/tarbabyelvis/T2w0EnginesProjects/drone)
2022-11-30T10:30:25.318+02:00  INFO 17836 --- [    Test worker] com.musala.drone.DroneApplicationTests   : No active profile set, falling back to 1 default profile: "default"
2022-11-30T10:30:25.601+02:00  INFO 17836 --- [    Test worker] .s.d.r.c.RepositoryConfigurationDelegate : Bootstrapping Spring Data JPA repositories in DEFAULT mode.
2022-11-30T10:30:25.611+02:00  INFO 17836 --- [    Test worker] .s.d.r.c.RepositoryConfigurationDelegate : Finished Spring Data repository scanning in 6 ms. Found 0 JPA repository interfaces.
2022-11-30T10:30:25.809+02:00  INFO 17836 --- [    Test worker] com.zaxxer.hikari.HikariDataSource       : HikariPool-1 - Starting...
2022-11-30T10:30:25.898+02:00  INFO 17836 --- [    Test worker] com.zaxxer.hikari.pool.HikariPool        : HikariPool-1 - Added connection conn0: url=jdbc:h2:mem:af9697df-da0c-4387-ac54-af0745a60793 user=SA
2022-11-30T10:30:25.899+02:00  INFO 17836 --- [    Test worker] com.zaxxer.hikari.HikariDataSource       : HikariPool-1 - Start completed.
2022-11-30T10:30:25.923+02:00  INFO 17836 --- [    Test worker] o.hibernate.jpa.internal.util.LogHelper  : HHH000204: Processing PersistenceUnitInfo [name: default]
2022-11-30T10:30:25.949+02:00  INFO 17836 --- [    Test worker] org.hibernate.Version                    : HHH000412: Hibernate ORM core version 6.1.5.Final
2022-11-30T10:30:26.024+02:00  WARN 17836 --- [    Test worker] org.hibernate.orm.deprecation            : HHH90000021: Encountered deprecated setting [javax.persistence.sharedCache.mode], use [jakarta.persistence.sharedCache.mode] instead
2022-11-30T10:30:26.100+02:00  INFO 17836 --- [    Test worker] SQL dialect                              : HHH000400: Using dialect: org.hibernate.dialect.H2Dialect
2022-11-30T10:30:26.229+02:00  INFO 17836 --- [    Test worker] o.h.e.t.j.p.i.JtaPlatformInitiator       : HHH000490: Using JtaPlatform implementation: [org.hibernate.engine.transaction.jta.platform.internal.NoJtaPlatform]
2022-11-30T10:30:26.234+02:00  INFO 17836 --- [    Test worker] j.LocalContainerEntityManagerFactoryBean : Initialized JPA EntityManagerFactory for persistence unit 'default'
2022-11-30T10:30:26.335+02:00  WARN 17836 --- [    Test worker] JpaBaseConfiguration$JpaWebConfiguration : spring.jpa.open-in-view is enabled by default. Therefore, database queries may be performed during view rendering. Explicitly configure spring.jpa.open-in-view to disable this warning
2022-11-30T10:30:26.582+02:00  INFO 17836 --- [    Test worker] com.musala.drone.DroneApplicationTests   : Started DroneApplicationTests in 1.373 seconds (process running for 1.918)
]]></system-out>
  <system-err><![CDATA[]]></system-err>
</testsuite>
